#title	Energy_deposit_(MeV)_in_the_absorber
#partle	Am241
#absorb	G4_Au
#Abs s	1.8
#Abs t	0.03
#Act s	1.5
#Act t	0.005
#n_done	1.000000e+05
#n_set	1.000000e+05
#nbins	4002

#E_l (MeV)	counts
0	5
5.5	0
5.50004	0
5.50007	0
5.50011	0
5.50015	0
5.50019	0
5.50023	0
5.50026	0
5.5003	0
5.50034	0
5.50038	0
5.50041	0
5.50045	0
5.50049	0
5.50052	0
5.50056	0
5.5006	0
5.50064	0
5.50068	0
5.50071	0
5.50075	0
5.50079	0
5.50082	0
5.50086	0
5.5009	0
5.50094	0
5.50098	0
5.50101	1
5.50105	0
5.50109	0
5.50113	0
5.50116	0
5.5012	0
5.50124	0
5.50127	0
5.50131	0
5.50135	0
5.50139	0
5.50143	0
5.50146	0
5.5015	0
5.50154	0
5.50157	0
5.50161	0
5.50165	0
5.50169	0
5.50173	0
5.50176	0
5.5018	0
5.50184	0
5.50188	0
5.50191	0
5.50195	0
5.50199	0
5.50202	0
5.50206	0
5.5021	0
5.50214	0
5.50218	0
5.50221	0
5.50225	0
5.50229	0
5.50232	0
5.50236	0
5.5024	0
5.50244	0
5.50248	0
5.50251	0
5.50255	0
5.50259	0
5.50263	0
5.50266	0
5.5027	0
5.50274	0
5.50277	0
5.50281	0
5.50285	0
5.50289	0
5.50293	0
5.50296	0
5.503	0
5.50304	0
5.50307	0
5.50311	0
5.50315	0
5.50319	0
5.50322	0
5.50326	0
5.5033	0
5.50334	0
5.50338	0
5.50341	0
5.50345	0
5.50349	0
5.50352	0
5.50356	0
5.5036	0
5.50364	0
5.50368	0
5.50371	0
5.50375	0
5.50379	0
5.50382	0
5.50386	0
5.5039	0
5.50394	0
5.50397	0
5.50401	0
5.50405	0
5.50409	0
5.50413	0
5.50416	0
5.5042	0
5.50424	0
5.50427	0
5.50431	0
5.50435	0
5.50439	0
5.50443	0
5.50446	0
5.5045	0
5.50454	0
5.50457	0
5.50461	0
5.50465	0
5.50469	0
5.50472	0
5.50476	0
5.5048	0
5.50484	0
5.50488	0
5.50491	0
5.50495	0
5.50499	0
5.50502	0
5.50506	0
5.5051	0
5.50514	0
5.50518	0
5.50521	0
5.50525	0
5.50529	0
5.50533	0
5.50536	0
5.5054	0
5.50544	0
5.50547	0
5.50551	0
5.50555	0
5.50559	0
5.50563	0
5.50566	0
5.5057	0
5.50574	0
5.50577	0
5.50581	0
5.50585	0
5.50589	0
5.50593	0
5.50596	0
5.506	0
5.50604	0
5.50608	0
5.50611	0
5.50615	0
5.50619	0
5.50622	0
5.50626	0
5.5063	0
5.50634	0
5.50638	0
5.50641	0
5.50645	0
5.50649	0
5.50652	0
5.50656	0
5.5066	0
5.50664	0
5.50668	0
5.50671	0
5.50675	0
5.50679	0
5.50683	0
5.50686	0
5.5069	0
5.50694	0
5.50697	0
5.50701	0
5.50705	0
5.50709	0
5.50713	0
5.50716	0
5.5072	0
5.50724	0
5.50727	0
5.50731	0
5.50735	0
5.50739	0
5.50743	0
5.50746	0
5.5075	0
5.50754	0
5.50758	0
5.50761	0
5.50765	0
5.50769	0
5.50772	0
5.50776	0
5.5078	0
5.50784	0
5.50788	0
5.50791	0
5.50795	0
5.50799	0
5.50802	0
5.50806	0
5.5081	0
5.50814	0
5.50817	0
5.50821	0
5.50825	0
5.50829	0
5.50833	0
5.50836	0
5.5084	0
5.50844	0
5.50847	0
5.50851	0
5.50855	0
5.50859	0
5.50863	0
5.50866	0
5.5087	0
5.50874	0
5.50877	0
5.50881	0
5.50885	0
5.50889	0
5.50892	0
5.50896	0
5.509	0
5.50904	0
5.50908	0
5.50911	0
5.50915	1
5.50919	0
5.50922	0
5.50926	0
5.5093	0
5.50934	0
5.50938	0
5.50941	0
5.50945	0
5.50949	0
5.50953	0
5.50956	0
5.5096	0
5.50964	0
5.50967	0
5.50971	0
5.50975	0
5.50979	0
5.50983	0
5.50986	0
5.5099	0
5.50994	0
5.50997	0
5.51001	0
5.51005	0
5.51009	0
5.51013	0
5.51016	0
5.5102	0
5.51024	0
5.51028	0
5.51031	0
5.51035	0
5.51039	0
5.51042	0
5.51046	0
5.5105	0
5.51054	0
5.51058	0
5.51061	0
5.51065	0
5.51069	0
5.51072	0
5.51076	0
5.5108	0
5.51084	0
5.51088	0
5.51091	0
5.51095	0
5.51099	0
5.51103	0
5.51106	0
5.5111	0
5.51114	0
5.51117	0
5.51121	0
5.51125	0
5.51129	0
5.51133	0
5.51136	0
5.5114	0
5.51144	0
5.51147	0
5.51151	0
5.51155	0
5.51159	0
5.51163	0
5.51166	0
5.5117	0
5.51174	0
5.51178	0
5.51181	0
5.51185	0
5.51189	0
5.51192	0
5.51196	0
5.512	0
5.51204	0
5.51208	0
5.51211	0
5.51215	0
5.51219	0
5.51222	0
5.51226	0
5.5123	0
5.51234	1
5.51238	1
5.51241	0
5.51245	0
5.51249	0
5.51253	0
5.51256	0
5.5126	0
5.51264	0
5.51267	1
5.51271	0
5.51275	0
5.51279	0
5.51283	0
5.51286	0
5.5129	0
5.51294	0
5.51297	0
5.51301	0
5.51305	0
5.51309	0
5.51312	0
5.51316	0
5.5132	0
5.51324	0
5.51328	0
5.51331	0
5.51335	0
5.51339	0
5.51342	0
5.51346	0
5.5135	0
5.51354	1
5.51358	0
5.51361	0
5.51365	0
5.51369	0
5.51372	0
5.51376	0
5.5138	0
5.51384	0
5.51387	0
5.51391	0
5.51395	0
5.51399	0
5.51403	0
5.51406	0
5.5141	0
5.51414	0
5.51417	0
5.51421	0
5.51425	0
5.51429	0
5.51433	0
5.51436	0
5.5144	0
5.51444	0
5.51448	0
5.51451	0
5.51455	0
5.51459	0
5.51462	0
5.51466	0
5.5147	0
5.51474	0
5.51478	0
5.51481	0
5.51485	0
5.51489	0
5.51492	0
5.51496	0
5.515	0
5.51504	0
5.51508	0
5.51511	0
5.51515	0
5.51519	0
5.51523	0
5.51526	0
5.5153	0
5.51534	0
5.51537	0
5.51541	0
5.51545	0
5.51549	0
5.51553	0
5.51556	0
5.5156	0
5.51564	0
5.51567	0
5.51571	0
5.51575	0
5.51579	0
5.51583	0
5.51586	0
5.5159	0
5.51594	0
5.51598	0
5.51601	0
5.51605	0
5.51609	0
5.51612	0
5.51616	0
5.5162	0
5.51624	0
5.51628	0
5.51631	0
5.51635	0
5.51639	0
5.51642	0
5.51646	0
5.5165	0
5.51654	0
5.51658	0
5.51661	0
5.51665	0
5.51669	0
5.51673	0
5.51676	0
5.5168	0
5.51684	0
5.51687	0
5.51691	0
5.51695	0
5.51699	0
5.51703	0
5.51706	0
5.5171	0
5.51714	0
5.51717	0
5.51721	0
5.51725	0
5.51729	0
5.51733	0
5.51736	0
5.5174	0
5.51744	0
5.51748	0
5.51751	0
5.51755	0
5.51759	0
5.51762	0
5.51766	0
5.5177	0
5.51774	0
5.51778	0
5.51781	0
5.51785	0
5.51789	0
5.51792	0
5.51796	0
5.518	0
5.51804	0
5.51807	0
5.51811	0
5.51815	0
5.51819	0
5.51823	0
5.51826	0
5.5183	0
5.51834	0
5.51837	0
5.51841	0
5.51845	0
5.51849	0
5.51853	0
5.51856	0
5.5186	0
5.51864	0
5.51867	0
5.51871	0
5.51875	0
5.51879	0
5.51882	0
5.51886	0
5.5189	0
5.51894	0
5.51898	0
5.51901	0
5.51905	0
5.51909	0
5.51912	0
5.51916	0
5.5192	0
5.51924	0
5.51928	0
5.51931	0
5.51935	0
5.51939	0
5.51943	0
5.51946	0
5.5195	0
5.51954	0
5.51957	0
5.51961	0
5.51965	0
5.51969	0
5.51973	0
5.51976	0
5.5198	0
5.51984	0
5.51987	0
5.51991	0
5.51995	0
5.51999	0
5.52003	0
5.52006	0
5.5201	0
5.52014	0
5.52018	0
5.52021	0
5.52025	0
5.52029	0
5.52032	0
5.52036	0
5.5204	0
5.52044	0
5.52048	0
5.52051	0
5.52055	0
5.52059	0
5.52062	0
5.52066	0
5.5207	0
5.52074	0
5.52078	0
5.52081	0
5.52085	0
5.52089	0
5.52093	0
5.52096	0
5.521	0
5.52104	0
5.52107	0
5.52111	0
5.52115	0
5.52119	0
5.52123	0
5.52126	0
5.5213	0
5.52134	0
5.52137	0
5.52141	0
5.52145	0
5.52149	0
5.52153	0
5.52156	0
5.5216	0
5.52164	0
5.52168	0
5.52171	0
5.52175	0
5.52179	0
5.52182	0
5.52186	0
5.5219	0
5.52194	0
5.52198	0
5.52201	0
5.52205	0
5.52209	0
5.52212	1
5.52216	0
5.5222	0
5.52224	0
5.52228	0
5.52231	0
5.52235	0
5.52239	0
5.52243	0
5.52246	0
5.5225	0
5.52254	0
5.52257	0
5.52261	0
5.52265	0
5.52269	0
5.52273	0
5.52276	0
5.5228	0
5.52284	0
5.52287	0
5.52291	0
5.52295	0
5.52299	0
5.52302	0
5.52306	1
5.5231	0
5.52314	0
5.52318	0
5.52321	1
5.52325	0
5.52329	0
5.52332	0
5.52336	0
5.5234	0
5.52344	0
5.52348	0
5.52351	0
5.52355	0
5.52359	0
5.52363	0
5.52366	0
5.5237	0
5.52374	0
5.52377	0
5.52381	0
5.52385	0
5.52389	0
5.52393	0
5.52396	0
5.524	0
5.52404	0
5.52407	0
5.52411	0
5.52415	0
5.52419	0
5.52423	0
5.52426	0
5.5243	0
5.52434	0
5.52438	0
5.52441	0
5.52445	0
5.52449	0
5.52452	0
5.52456	0
5.5246	0
5.52464	0
5.52468	0
5.52471	0
5.52475	0
5.52479	0
5.52482	0
5.52486	0
5.5249	0
5.52494	0
5.52498	0
5.52501	0
5.52505	0
5.52509	0
5.52513	0
5.52516	0
5.5252	0
5.52524	0
5.52527	0
5.52531	0
5.52535	0
5.52539	0
5.52543	0
5.52546	0
5.5255	0
5.52554	0
5.52557	0
5.52561	0
5.52565	0
5.52569	0
5.52573	0
5.52576	0
5.5258	0
5.52584	0
5.52588	0
5.52591	0
5.52595	0
5.52599	0
5.52602	0
5.52606	0
5.5261	0
5.52614	0
5.52618	0
5.52621	0
5.52625	0
5.52629	0
5.52632	0
5.52636	0
5.5264	0
5.52644	0
5.52648	0
5.52651	0
5.52655	0
5.52659	0
5.52663	0
5.52666	0
5.5267	0
5.52674	0
5.52677	0
5.52681	0
5.52685	0
5.52689	0
5.52693	0
5.52696	0
5.527	0
5.52704	0
5.52707	0
5.52711	0
5.52715	0
5.52719	0
5.52723	0
5.52726	0
5.5273	0
5.52734	0
5.52738	0
5.52741	0
5.52745	0
5.52749	0
5.52752	0
5.52756	0
5.5276	0
5.52764	0
5.52768	0
5.52771	0
5.52775	0
5.52779	0
5.52782	0
5.52786	0
5.5279	0
5.52794	0
5.52797	0
5.52801	0
5.52805	0
5.52809	0
5.52813	0
5.52816	0
5.5282	0
5.52824	0
5.52827	0
5.52831	0
5.52835	0
5.52839	0
5.52843	0
5.52846	0
5.5285	0
5.52854	0
5.52858	0
5.52861	0
5.52865	0
5.52869	0
5.52872	0
5.52876	0
5.5288	0
5.52884	0
5.52888	0
5.52891	0
5.52895	0
5.52899	0
5.52902	0
5.52906	0
5.5291	0
5.52914	0
5.52918	0
5.52921	0
5.52925	0
5.52929	0
5.52933	0
5.52936	0
5.5294	0
5.52944	0
5.52947	0
5.52951	0
5.52955	0
5.52959	0
5.52963	0
5.52966	0
5.5297	0
5.52974	0
5.52977	0
5.52981	0
5.52985	0
5.52989	0
5.52993	0
5.52996	0
5.53	0
5.53004	0
5.53008	0
5.53011	0
5.53015	0
5.53019	0
5.53022	0
5.53026	0
5.5303	0
5.53034	0
5.53038	0
5.53041	0
5.53045	0
5.53049	0
5.53052	0
5.53056	0
5.5306	0
5.53064	0
5.53068	0
5.53071	0
5.53075	0
5.53079	0
5.53083	0
5.53086	0
5.5309	0
5.53094	0
5.53097	0
5.53101	0
5.53105	0
5.53109	0
5.53113	0
5.53116	0
5.5312	0
5.53124	0
5.53127	0
5.53131	0
5.53135	0
5.53139	0
5.53143	0
5.53146	0
5.5315	0
5.53154	0
5.53158	0
5.53161	0
5.53165	0
5.53169	0
5.53172	0
5.53176	0
5.5318	0
5.53184	0
5.53188	0
5.53191	0
5.53195	0
5.53199	0
5.53202	0
5.53206	0
5.5321	0
5.53214	0
5.53218	0
5.53221	0
5.53225	0
5.53229	0
5.53233	0
5.53236	0
5.5324	0
5.53244	0
5.53247	0
5.53251	0
5.53255	0
5.53259	0
5.53263	0
5.53266	0
5.5327	0
5.53274	0
5.53277	0
5.53281	0
5.53285	0
5.53289	0
5.53292	0
5.53296	0
5.533	0
5.53304	0
5.53308	0
5.53311	0
5.53315	0
5.53319	0
5.53322	0
5.53326	0
5.5333	0
5.53334	0
5.53338	0
5.53341	0
5.53345	0
5.53349	0
5.53353	0
5.53356	0
5.5336	0
5.53364	0
5.53367	0
5.53371	0
5.53375	0
5.53379	0
5.53383	0
5.53386	0
5.5339	0
5.53394	0
5.53397	0
5.53401	0
5.53405	0
5.53409	0
5.53413	0
5.53416	1
5.5342	0
5.53424	0
5.53428	0
5.53431	1
5.53435	0
5.53439	0
5.53442	1
5.53446	1
5.5345	2
5.53454	0
5.53458	0
5.53461	0
5.53465	0
5.53469	0
5.53472	0
5.53476	0
5.5348	1
5.53484	1
5.53488	0
5.53491	2
5.53495	1
5.53499	0
5.53503	0
5.53506	1
5.5351	1
5.53514	0
5.53517	0
5.53521	1
5.53525	1
5.53529	1
5.53533	1
5.53536	0
5.5354	1
5.53544	0
5.53547	0
5.53551	0
5.53555	1
5.53559	0
5.53563	1
5.53566	0
5.5357	0
5.53574	0
5.53578	0
5.53581	0
5.53585	0
5.53589	0
5.53592	0
5.53596	0
5.536	0
5.53604	0
5.53608	0
5.53611	0
5.53615	1
5.53619	0
5.53622	0
5.53626	0
5.5363	0
5.53634	0
5.53638	0
5.53641	0
5.53645	0
5.53649	0
5.53653	0
5.53656	0
5.5366	0
5.53664	0
5.53667	1
5.53671	0
5.53675	0
5.53679	0
5.53683	0
5.53686	0
5.5369	1
5.53694	0
5.53697	0
5.53701	0
5.53705	0
5.53709	0
5.53713	0
5.53716	0
5.5372	0
5.53724	0
5.53728	0
5.53731	0
5.53735	0
5.53739	0
5.53742	0
5.53746	0
5.5375	0
5.53754	0
5.53758	0
5.53761	0
5.53765	0
5.53769	0
5.53773	0
5.53776	0
5.5378	0
5.53784	0
5.53787	0
5.53791	0
5.53795	0
5.53799	0
5.53803	0
5.53806	0
5.5381	0
5.53814	0
5.53817	0
5.53821	0
5.53825	0
5.53829	0
5.53833	0
5.53836	0
5.5384	0
5.53844	0
5.53848	0
5.53851	0
5.53855	0
5.53859	1
5.53862	0
5.53866	0
5.5387	0
5.53874	0
5.53878	0
5.53881	0
5.53885	3
5.53889	1
5.53892	0
5.53896	1
5.539	0
5.53904	0
5.53908	1
5.53911	0
5.53915	0
5.53919	0
5.53923	0
5.53926	1
5.5393	0
5.53934	1
5.53937	0
5.53941	0
5.53945	0
5.53949	0
5.53953	1
5.53956	0
5.5396	0
5.53964	0
5.53967	0
5.53971	0
5.53975	0
5.53979	0
5.53983	0
5.53986	0
5.5399	0
5.53994	0
5.53998	0
5.54001	0
5.54005	0
5.54009	0
5.54012	0
5.54016	0
5.5402	0
5.54024	0
5.54028	0
5.54031	0
5.54035	0
5.54039	0
5.54042	0
5.54046	0
5.5405	0
5.54054	0
5.54058	0
5.54061	0
5.54065	0
5.54069	0
5.54073	1
5.54076	0
5.5408	0
5.54084	0
5.54087	0
5.54091	0
5.54095	0
5.54099	0
5.54103	0
5.54106	0
5.5411	0
5.54114	0
5.54117	0
5.54121	0
5.54125	0
5.54129	0
5.54133	0
5.54136	0
5.5414	0
5.54144	0
5.54148	0
5.54151	0
5.54155	0
5.54159	0
5.54162	0
5.54166	0
5.5417	0
5.54174	0
5.54178	0
5.54181	0
5.54185	0
5.54189	0
5.54192	0
5.54196	0
5.542	0
5.54204	0
5.54208	0
5.54211	0
5.54215	0
5.54219	0
5.54223	0
5.54226	0
5.5423	0
5.54234	0
5.54237	0
5.54241	0
5.54245	0
5.54249	0
5.54253	0
5.54256	0
5.5426	0
5.54264	0
5.54268	0
5.54271	0
5.54275	0
5.54279	0
5.54282	0
5.54286	0
5.5429	0
5.54294	0
5.54298	0
5.54301	0
5.54305	0
5.54309	0
5.54312	0
5.54316	0
5.5432	0
5.54324	0
5.54328	0
5.54331	0
5.54335	0
5.54339	0
5.54343	0
5.54346	0
5.5435	0
5.54354	0
5.54357	0
5.54361	0
5.54365	0
5.54369	0
5.54373	0
5.54376	0
5.5438	0
5.54384	0
5.54387	0
5.54391	0
5.54395	0
5.54399	0
5.54403	0
5.54406	0
5.5441	0
5.54414	0
5.54418	0
5.54421	0
5.54425	0
5.54429	0
5.54432	0
5.54436	0
5.5444	0
5.54444	0
5.54448	0
5.54451	0
5.54455	0
5.54459	0
5.54462	0
5.54466	0
5.5447	0
5.54474	0
5.54478	0
5.54481	0
5.54485	0
5.54489	0
5.54493	0
5.54496	0
5.545	0
5.54504	0
5.54507	0
5.54511	0
5.54515	0
5.54519	0
5.54523	0
5.54526	0
5.5453	0
5.54534	0
5.54537	0
5.54541	0
5.54545	0
5.54549	0
5.54553	0
5.54556	0
5.5456	0
5.54564	0
5.54568	0
5.54571	0
5.54575	0
5.54579	0
5.54582	0
5.54586	0
5.5459	0
5.54594	0
5.54598	0
5.54601	0
5.54605	0
5.54609	0
5.54612	0
5.54616	0
5.5462	0
5.54624	0
5.54628	0
5.54631	0
5.54635	0
5.54639	0
5.54643	0
5.54646	0
5.5465	0
5.54654	0
5.54657	0
5.54661	0
5.54665	0
5.54669	0
5.54673	0
5.54676	0
5.5468	0
5.54684	0
5.54688	0
5.54691	0
5.54695	0
5.54699	0
5.54703	0
5.54706	0
5.5471	0
5.54714	0
5.54718	0
5.54721	0
5.54725	0
5.54729	0
5.54732	0
5.54736	0
5.5474	0
5.54744	0
5.54748	0
5.54751	0
5.54755	0
5.54759	0
5.54763	0
5.54766	0
5.5477	0
5.54774	0
5.54777	0
5.54781	0
5.54785	0
5.54789	0
5.54793	0
5.54796	0
5.548	0
5.54804	0
5.54807	0
5.54811	0
5.54815	0
5.54819	0
5.54823	0
5.54826	0
5.5483	0
5.54834	0
5.54838	0
5.54841	0
5.54845	0
5.54849	0
5.54852	0
5.54856	0
5.5486	0
5.54864	0
5.54868	0
5.54871	0
5.54875	0
5.54879	0
5.54882	0
5.54886	0
5.5489	0
5.54894	0
5.54898	0
5.54901	0
5.54905	0
5.54909	0
5.54913	0
5.54916	0
5.5492	0
5.54924	0
5.54927	0
5.54931	0
5.54935	0
5.54939	0
5.54943	0
5.54946	0
5.5495	0
5.54954	0
5.54957	0
5.54961	0
5.54965	0
5.54969	0
5.54973	0
5.54976	0
5.5498	0
5.54984	0
5.54988	0
5.54991	0
5.54995	0
5.54999	0
5.55002	0
5.55006	0
5.5501	0
5.55014	0
5.55018	0
5.55021	0
5.55025	0
5.55029	0
5.55032	0
5.55036	0
5.5504	0
5.55044	0
5.55048	0
5.55051	0
5.55055	0
5.55059	0
5.55063	0
5.55066	0
5.5507	0
5.55074	0
5.55077	0
5.55081	0
5.55085	0
5.55089	0
5.55093	0
5.55096	0
5.551	0
5.55104	0
5.55107	0
5.55111	0
5.55115	0
5.55119	0
5.55123	0
5.55126	0
5.5513	0
5.55134	0
5.55138	0
5.55141	0
5.55145	0
5.55149	0
5.55152	0
5.55156	0
5.5516	0
5.55164	0
5.55168	0
5.55171	0
5.55175	0
5.55179	0
5.55183	0
5.55186	0
5.5519	0
5.55194	0
5.55198	0
5.55201	0
5.55205	0
5.55209	0
5.55213	0
5.55216	0
5.5522	0
5.55224	0
5.55227	0
5.55231	0
5.55235	0
5.55239	0
5.55243	0
5.55246	0
5.5525	0
5.55254	0
5.55258	0
5.55261	0
5.55265	0
5.55269	0
5.55272	0
5.55276	0
5.5528	0
5.55284	0
5.55288	0
5.55291	0
5.55295	0
5.55299	0
5.55302	0
5.55306	0
5.5531	0
5.55314	0
5.55318	0
5.55321	0
5.55325	0
5.55329	0
5.55333	0
5.55336	0
5.5534	0
5.55344	0
5.55347	0
5.55351	0
5.55355	0
5.55359	0
5.55363	0
5.55366	0
5.5537	0
5.55374	0
5.55377	0
5.55381	0
5.55385	0
5.55389	0
5.55393	0
5.55396	0
5.554	0
5.55404	0
5.55408	0
5.55411	0
5.55415	0
5.55419	0
5.55422	0
5.55426	0
5.5543	0
5.55434	0
5.55438	0
5.55441	0
5.55445	0
5.55449	0
5.55452	0
5.55456	0
5.5546	0
5.55464	0
5.55468	0
5.55471	0
5.55475	0
5.55479	0
5.55483	0
5.55486	0
5.5549	0
5.55494	0
5.55497	0
5.55501	0
5.55505	0
5.55509	0
5.55513	0
5.55516	0
5.5552	0
5.55524	0
5.55527	0
5.55531	0
5.55535	0
5.55539	0
5.55543	0
5.55546	0
5.5555	0
5.55554	0
5.55558	0
5.55561	0
5.55565	0
5.55569	0
5.55572	0
5.55576	0
5.5558	0
5.55584	0
5.55588	0
5.55591	0
5.55595	0
5.55599	0
5.55602	0
5.55606	0
5.5561	0
5.55614	0
5.55618	0
5.55621	0
5.55625	0
5.55629	0
5.55633	0
5.55636	0
5.5564	0
5.55644	0
5.55647	0
5.55651	0
5.55655	0
5.55659	0
5.55663	0
5.55666	0
5.5567	0
5.55674	0
5.55678	0
5.55681	1
5.55685	0
5.55689	1
5.55693	0
5.55696	0
5.557	0
5.55704	0
5.55708	0
5.55711	0
5.55715	0
5.55719	0
5.55722	0
5.55726	1
5.5573	0
5.55734	0
5.55738	0
5.55741	1
5.55745	0
5.55749	0
5.55753	0
5.55756	0
5.5576	0
5.55764	0
5.55767	1
5.55771	0
5.55775	0
5.55779	0
5.55783	0
5.55786	0
5.5579	0
5.55794	0
5.55797	0
5.55801	1
5.55805	0
5.55809	0
5.55813	0
5.55816	0
5.5582	0
5.55824	0
5.55828	0
5.55831	0
5.55835	0
5.55839	1
5.55842	0
5.55846	0
5.5585	1
5.55854	0
5.55858	0
5.55861	0
5.55865	0
5.55869	0
5.55872	0
5.55876	0
5.5588	0
5.55884	0
5.55888	0
5.55891	0
5.55895	0
5.55899	0
5.55903	0
5.55906	0
5.5591	0
5.55914	0
5.55917	0
5.55921	0
5.55925	0
5.55929	0
5.55933	0
5.55936	0
5.5594	0
5.55944	0
5.55947	0
5.55951	0
5.55955	0
5.55959	0
5.55963	0
5.55966	0
5.5597	0
5.55974	0
5.55978	0
5.55981	0
5.55985	1
5.55989	0
5.55992	0
5.55996	0
5.56	0
5.56004	0
5.56008	0
5.56011	0
5.56015	0
5.56019	0
5.56022	0
5.56026	0
5.5603	0
5.56034	0
5.56038	0
5.56041	0
5.56045	0
5.56049	0
5.56053	0
5.56056	0
5.5606	0
5.56064	0
5.56067	1
5.56071	0
5.56075	0
5.56079	0
5.56083	2
5.56086	0
5.5609	0
5.56094	1
5.56098	1
5.56101	0
5.56105	0
5.56109	0
5.56113	0
5.56116	0
5.5612	1
5.56124	0
5.56128	0
5.56131	0
5.56135	2
5.56139	0
5.56142	0
5.56146	0
5.5615	0
5.56154	0
5.56158	1
5.56161	0
5.56165	0
5.56169	0
5.56173	0
5.56176	0
5.5618	0
5.56184	0
5.56188	0
5.56191	0
5.56195	1
5.56199	0
5.56203	0
5.56206	0
5.5621	0
5.56214	0
5.56217	0
5.56221	0
5.56225	0
5.56229	1
5.56233	0
5.56236	0
5.5624	1
5.56244	0
5.56248	0
5.56251	0
5.56255	0
5.56259	0
5.56263	0
5.56266	0
5.5627	0
5.56274	0
5.56278	0
5.56281	0
5.56285	0
5.56289	0
5.56292	0
5.56296	0
5.563	0
5.56304	0
5.56308	0
5.56311	0
5.56315	0
5.56319	0
5.56323	0
5.56326	0
5.5633	0
5.56334	0
5.56337	0
5.56341	0
5.56345	0
5.56349	0
5.56353	0
5.56356	0
5.5636	0
5.56364	0
5.56367	0
5.56371	0
5.56375	0
5.56379	0
5.56383	0
5.56386	0
5.5639	0
5.56394	1
5.56398	0
5.56401	0
5.56405	0
5.56409	0
5.56412	0
5.56416	0
5.5642	0
5.56424	0
5.56428	0
5.56431	0
5.56435	0
5.56439	0
5.56442	0
5.56446	0
5.5645	0
5.56454	0
5.56458	0
5.56461	0
5.56465	0
5.56469	0
5.56473	0
5.56476	0
5.5648	0
5.56484	0
5.56487	0
5.56491	0
5.56495	0
5.56499	0
5.56503	0
5.56506	0
5.5651	0
5.56514	0
5.56517	0
5.56521	0
5.56525	0
5.56529	0
5.56533	0
5.56536	0
5.5654	0
5.56544	0
5.56548	0
5.56551	0
5.56555	0
5.56559	0
5.56562	0
5.56566	0
5.5657	0
5.56574	0
5.56578	0
5.56581	0
5.56585	0
5.56589	0
5.56593	0
5.56596	0
5.566	0
5.56604	0
5.56608	0
5.56611	0
5.56615	0
5.56619	1
5.56623	0
5.56626	0
5.5663	0
5.56634	0
5.56637	0
5.56641	0
5.56645	0
5.56649	0
5.56653	0
5.56656	0
5.5666	0
5.56664	0
5.56668	0
5.56671	0
5.56675	0
5.56679	0
5.56683	1
5.56686	1
5.5669	0
5.56694	0
5.56698	0
5.56701	0
5.56705	0
5.56709	0
5.56712	0
5.56716	0
5.5672	0
5.56724	0
5.56728	0
5.56731	0
5.56735	0
5.56739	1
5.56743	0
5.56746	0
5.5675	0
5.56754	0
5.56757	0
5.56761	0
5.56765	0
5.56769	0
5.56773	0
5.56776	1
5.5678	0
5.56784	0
5.56787	0
5.56791	1
5.56795	0
5.56799	0
5.56803	0
5.56806	1
5.5681	0
5.56814	1
5.56818	0
5.56821	0
5.56825	1
5.56829	0
5.56832	1
5.56836	0
5.5684	0
5.56844	0
5.56848	0
5.56851	0
5.56855	0
5.56859	0
5.56862	0
5.56866	0
5.5687	0
5.56874	0
5.56878	0
5.56881	0
5.56885	0
5.56889	0
5.56893	0
5.56896	0
5.569	0
5.56904	0
5.56907	0
5.56911	1
5.56915	0
5.56919	0
5.56923	0
5.56926	0
5.5693	0
5.56934	0
5.56937	0
5.56941	0
5.56945	0
5.56949	0
5.56953	0
5.56956	0
5.5696	0
5.56964	0
5.56968	0
5.56971	0
5.56975	0
5.56979	0
5.56982	0
5.56986	0
5.5699	0
5.56994	0
5.56998	0
5.57001	0
5.57005	0
5.57009	2
5.57012	0
5.57016	0
5.5702	0
5.57024	0
5.57028	0
5.57031	0
5.57035	0
5.57039	0
5.57043	0
5.57046	0
5.5705	0
5.57054	0
5.57057	0
5.57061	0
5.57065	0
5.57069	0
5.57073	0
5.57076	0
5.5708	1
5.57084	0
5.57088	0
5.57091	0
5.57095	0
5.57099	0
5.57103	0
5.57106	0
5.5711	0
5.57114	0
5.57118	0
5.57121	0
5.57125	0
5.57129	0
5.57132	0
5.57136	0
5.5714	0
5.57144	0
5.57148	0
5.57151	0
5.57155	0
5.57159	0
5.57163	0
5.57166	0
5.5717	0
5.57174	0
5.57178	0
5.57181	0
5.57185	0
5.57189	0
5.57193	0
5.57196	0
5.572	0
5.57204	0
5.57207	0
5.57211	0
5.57215	0
5.57219	0
5.57223	0
5.57226	0
5.5723	0
5.57234	0
5.57238	0
5.57241	0
5.57245	0
5.57249	0
5.57253	0
5.57256	0
5.5726	0
5.57264	0
5.57268	0
5.57271	0
5.57275	0
5.57279	0
5.57282	0
5.57286	0
5.5729	0
5.57294	0
5.57298	0
5.57301	0
5.57305	0
5.57309	0
5.57313	0
5.57316	0
5.5732	0
5.57324	0
5.57327	0
5.57331	0
5.57335	0
5.57339	0
5.57343	0
5.57346	0
5.5735	0
5.57354	0
5.57357	0
5.57361	0
5.57365	0
5.57369	0
5.57373	0
5.57376	0
5.5738	0
5.57384	0
5.57388	0
5.57391	0
5.57395	0
5.57399	0
5.57402	0
5.57406	0
5.5741	0
5.57414	0
5.57418	0
5.57421	0
5.57425	0
5.57429	0
5.57432	0
5.57436	0
5.5744	0
5.57444	0
5.57448	0
5.57451	0
5.57455	0
5.57459	0
5.57463	0
5.57466	0
5.5747	0
5.57474	0
5.57477	0
5.57481	0
5.57485	0
5.57489	0
5.57493	0
5.57496	0
5.575	0
5.57504	0
5.57508	0
5.57511	0
5.57515	0
5.57519	0
5.57523	0
5.57526	0
5.5753	0
5.57534	0
5.57538	0
5.57541	0
5.57545	0
5.57549	0
5.57552	0
5.57556	0
5.5756	0
5.57564	0
5.57568	0
5.57571	0
5.57575	0
5.57579	0
5.57583	0
5.57586	0
5.5759	0
5.57594	0
5.57598	0
5.57601	0
5.57605	1
5.57609	0
5.57613	0
5.57616	0
5.5762	0
5.57624	0
5.57627	1
5.57631	1
5.57635	1
5.57639	0
5.57643	4
5.57646	1
5.5765	4
5.57654	3
5.57658	4
5.57661	5
5.57665	3
5.57669	5
5.57673	13
5.57676	13
5.5768	20
5.57684	28
5.57688	28
5.57691	28
5.57695	42
5.57699	36
5.57702	45
5.57706	59
5.5771	65
5.57714	70
5.57718	70
5.57721	116
5.57725	111
5.57729	147
5.57733	150
5.57736	178
5.5774	184
5.57744	212
5.57747	227
5.57751	270
5.57755	298
5.57759	310
5.57763	288
5.57766	349
5.5777	400
5.57774	419
5.57777	427
5.57781	445
5.57785	524
5.57789	557
5.57793	573
5.57796	575
5.578	646
5.57804	644
5.57808	624
5.57811	700
5.57815	686
5.57819	681
5.57822	710
5.57826	678
5.5783	658
5.57834	726
5.57838	664
5.57841	635
5.57845	656
5.57849	632
5.57852	625
5.57856	567
5.5786	537
5.57864	566
5.57868	552
5.57871	486
5.57875	423
5.57879	409
5.57883	401
5.57886	375
5.5789	352
5.57894	288
5.57897	287
5.57901	243
5.57905	225
5.57909	209
5.57913	190
5.57916	184
5.5792	145
5.57924	158
5.57927	136
5.57931	86
5.57935	95
5.57939	92
5.57943	74
5.57946	50
5.5795	56
5.57954	43
5.57958	48
5.57961	40
5.57965	26
5.57969	28
5.57972	19
5.57976	15
5.5798	15
5.57984	10
5.57988	9
5.57991	12
5.57995	9
5.57999	1
5.58003	4
5.58006	2
5.5801	3
5.58014	2
5.58018	0
5.58021	3
5.58025	0
5.58029	1
5.58033	4
5.58036	2
5.5804	1
5.58044	1
5.58047	0
5.58051	1
5.58055	1
5.58059	1
5.58063	0
5.58066	0
5.5807	0
5.58074	3
5.58078	1
5.58081	0
5.58085	0
5.58089	0
5.58093	2
5.58096	1
5.581	0
5.58104	2
5.58108	0
5.58111	1
5.58115	0
5.58119	0
5.58122	0
5.58126	0
5.5813	0
5.58134	0
5.58138	1
5.58141	0
5.58145	1
5.58149	0
5.58153	0
5.58156	0
5.5816	1
5.58164	0
5.58168	4
5.58171	2
5.58175	0
5.58179	0
5.58183	1
5.58186	0
5.5819	1
5.58194	1
5.58197	1
5.58201	0
5.58205	2
5.58209	3
5.58213	4
5.58216	2
5.5822	2
5.58224	2
5.58228	0
5.58231	0
5.58235	1
5.58239	0
5.58243	3
5.58246	0
5.5825	3
5.58254	1
5.58258	0
5.58261	1
5.58265	0
5.58269	0
5.58272	4
5.58276	0
5.5828	1
5.58284	1
5.58288	1
5.58291	2
5.58295	1
5.58299	2
5.58303	0
5.58306	0
5.5831	1
5.58314	0
5.58317	1
5.58321	1
5.58325	1
5.58329	1
5.58333	0
5.58336	0
5.5834	1
5.58344	2
5.58347	0
5.58351	2
5.58355	1
5.58359	1
5.58363	1
5.58366	2
5.5837	0
5.58374	1
5.58378	0
5.58381	1
5.58385	2
5.58389	2
5.58392	1
5.58396	1
5.584	0
5.58404	0
5.58408	1
5.58411	1
5.58415	1
5.58419	0
5.58422	1
5.58426	0
5.5843	0
5.58434	1
5.58438	1
5.58441	2
5.58445	0
5.58449	0
5.58453	1
5.58456	0
5.5846	0
5.58464	1
5.58467	1
5.58471	0
5.58475	1
5.58479	1
5.58483	0
5.58486	0
5.5849	0
5.58494	0
5.58498	0
5.58501	2
5.58505	0
5.58509	0
5.58513	0
5.58516	1
5.5852	1
5.58524	0
5.58528	3
5.58531	0
5.58535	0
5.58539	0
5.58542	2
5.58546	1
5.5855	0
5.58554	2
5.58558	1
5.58561	1
5.58565	0
5.58569	2
5.58573	2
5.58576	1
5.5858	0
5.58584	1
5.58588	1
5.58591	1
5.58595	1
5.58599	0
5.58603	0
5.58606	1
5.5861	1
5.58614	0
5.58617	1
5.58621	0
5.58625	0
5.58629	1
5.58633	1
5.58636	1
5.5864	1
5.58644	0
5.58648	0
5.58651	0
5.58655	0
5.58659	0
5.58663	0
5.58666	1
5.5867	2
5.58674	1
5.58678	0
5.58681	2
5.58685	3
5.58689	0
5.58692	1
5.58696	1
5.587	1
5.58704	0
5.58708	2
5.58711	0
5.58715	2
5.58719	0
5.58723	0
5.58726	0
5.5873	0
5.58734	1
5.58738	0
5.58741	1
5.58745	1
5.58749	0
5.58753	1
5.58756	0
5.5876	0
5.58764	2
5.58767	0
5.58771	0
5.58775	1
5.58779	1
5.58783	0
5.58786	0
5.5879	0
5.58794	0
5.58798	1
5.58801	2
5.58805	4
5.58809	0
5.58812	0
5.58816	3
5.5882	1
5.58824	1
5.58828	0
5.58831	0
5.58835	0
5.58839	0
5.58842	1
5.58846	2
5.5885	0
5.58854	0
5.58858	1
5.58861	0
5.58865	1
5.58869	1
5.58873	1
5.58876	0
5.5888	1
5.58884	0
5.58887	1
5.58891	2
5.58895	0
5.58899	2
5.58903	0
5.58906	2
5.5891	0
5.58914	0
5.58918	0
5.58921	0
5.58925	1
5.58929	0
5.58933	0
5.58936	0
5.5894	1
5.58944	0
5.58948	0
5.58951	0
5.58955	0
5.58959	0
5.58962	0
5.58966	0
5.5897	0
5.58974	1
5.58978	0
5.58981	1
5.58985	1
5.58989	1
5.58993	0
5.58996	0
5.59	0
5.59004	0
5.59008	0
5.59011	0
5.59015	0
5.59019	1
5.59023	0
5.59026	2
5.5903	0
5.59034	0
5.59037	0
5.59041	1
5.59045	0
5.59049	0
5.59053	0
5.59056	1
5.5906	0
5.59064	1
5.59068	0
5.59071	1
5.59075	0
5.59079	0
5.59083	0
5.59086	0
5.5909	1
5.59094	1
5.59098	0
5.59101	0
5.59105	1
5.59109	0
5.59112	1
5.59116	0
5.5912	1
5.59124	1
5.59128	0
5.59131	0
5.59135	0
5.59139	0
5.59143	0
5.59146	1
5.5915	0
5.59154	0
5.59158	2
5.59161	0
5.59165	1
5.59169	0
5.59173	1
5.59176	0
5.5918	1
5.59184	0
5.59187	0
5.59191	0
5.59195	0
5.59199	0
5.59203	0
5.59206	2
5.5921	0
5.59214	0
5.59218	0
5.59221	0
5.59225	1
5.59229	1
5.59233	1
5.59236	2
5.5924	0
5.59244	0
5.59248	1
5.59251	0
5.59255	1
5.59259	0
5.59262	1
5.59266	1
5.5927	0
5.59274	0
5.59278	0
5.59281	0
5.59285	2
5.59289	0
5.59293	0
5.59296	1
5.593	1
5.59304	1
5.59307	0
5.59311	2
5.59315	1
5.59319	0
5.59323	0
5.59326	0
5.5933	1
5.59334	1
5.59337	2
5.59341	0
5.59345	0
5.59349	3
5.59353	2
5.59356	1
5.5936	0
5.59364	2
5.59368	1
5.59371	0
5.59375	1
5.59379	2
5.59382	2
5.59386	0
5.5939	2
5.59394	0
5.59398	0
5.59401	1
5.59405	1
5.59409	0
5.59413	1
5.59416	1
5.5942	1
5.59424	0
5.59428	0
5.59431	2
5.59435	2
5.59439	0
5.59443	1
5.59446	5
5.5945	0
5.59454	1
5.59457	1
5.59461	0
5.59465	6
5.59469	1
5.59473	0
5.59476	0
5.5948	3
5.59484	0
5.59488	0
5.59491	1
5.59495	1
5.59499	1
5.59503	1
5.59506	2
5.5951	2
5.59514	0
5.59518	0
5.59521	1
5.59525	2
5.59529	0
5.59532	0
5.59536	1
5.5954	0
5.59544	1
5.59548	0
5.59551	0
5.59555	2
5.59559	3
5.59563	2
5.59566	0
5.5957	0
5.59574	1
5.59578	0
5.59581	0
5.59585	1
5.59589	1
5.59593	2
5.59596	1
5.596	0
5.59604	0
5.59607	0
5.59611	0
5.59615	0
5.59619	1
5.59623	1
5.59626	0
5.5963	0
5.59634	1
5.59638	0
5.59641	0
5.59645	0
5.59649	0
5.59653	0
5.59656	2
5.5966	1
5.59664	1
5.59668	1
5.59671	0
5.59675	0
5.59679	0
5.59682	0
5.59686	0
5.5969	0
5.59694	1
5.59698	1
5.59701	1
5.59705	0
5.59709	1
5.59713	2
5.59716	0
5.5972	0
5.59724	0
5.59728	0
5.59731	0
5.59735	0
5.59739	0
5.59743	0
5.59746	2
5.5975	0
5.59754	0
5.59757	0
5.59761	0
5.59765	1
5.59769	0
5.59773	0
5.59776	0
5.5978	1
5.59784	0
5.59788	0
5.59791	0
5.59795	0
5.59799	1
5.59802	1
5.59806	0
5.5981	0
5.59814	0
5.59818	0
5.59821	0
5.59825	0
5.59829	0
5.59832	0
5.59836	0
5.5984	0
5.59844	3
5.59848	0
5.59851	2
5.59855	0
5.59859	0
5.59863	0
5.59866	0
5.5987	0
5.59874	0
5.59877	0
5.59881	0
5.59885	1
5.59889	0
5.59893	0
5.59896	0
5.599	0
5.59904	0
5.59908	0
5.59911	0
5.59915	0
5.59919	0
5.59923	0
5.59926	0
5.5993	1
5.59934	0
5.59938	0
5.59941	0
5.59945	1
5.59949	2
5.59952	0
5.59956	1
5.5996	0
5.59964	0
5.59968	0
5.59971	0
5.59975	0
5.59979	0
5.59983	1
5.59986	0
5.5999	1
5.59994	2
5.59998	1
5.60001	0
5.60005	1
5.60009	0
5.60013	0
5.60016	1
5.6002	0
5.60024	0
5.60027	0
5.60031	0
5.60035	0
5.60039	0
5.60043	0
5.60046	0
5.6005	1
5.60054	0
5.60058	0
5.60061	1
5.60065	0
5.60069	1
5.60073	0
5.60076	1
5.6008	3
5.60084	0
5.60088	0
5.60091	1
5.60095	1
5.60099	0
5.60102	0
5.60106	1
5.6011	0
5.60114	1
5.60118	0
5.60121	0
5.60125	0
5.60129	1
5.60133	1
5.60136	1
5.6014	0
5.60144	0
5.60148	1
5.60151	0
5.60155	0
5.60159	0
5.60163	0
5.60166	0
5.6017	0
5.60174	0
5.60177	1
5.60181	0
5.60185	0
5.60189	0
5.60193	0
5.60196	0
5.602	0
5.60204	0
5.60208	0
5.60211	1
5.60215	0
5.60219	1
5.60223	0
5.60226	0
5.6023	0
5.60234	0
5.60238	0
5.60241	1
5.60245	0
5.60249	0
5.60252	1
5.60256	2
5.6026	0
5.60264	0
5.60268	1
5.60271	0
5.60275	1
5.60279	1
5.60283	0
5.60286	0
5.6029	0
5.60294	0
5.60297	0
5.60301	0
5.60305	1
5.60309	0
5.60313	0
5.60316	0
5.6032	0
5.60324	2
5.60328	1
5.60331	0
5.60335	0
5.60339	0
5.60343	0
5.60346	1
5.6035	0
5.60354	0
5.60358	2
5.60361	1
5.60365	0
5.60369	0
5.60372	0
5.60376	0
5.6038	0
5.60384	1
5.60388	0
5.60391	2
5.60395	0
5.60399	1
5.60403	1
5.60406	1
5.6041	1
5.60414	0
5.60418	0
5.60421	0
5.60425	1
5.60429	0
5.60433	1
5.60436	0
5.6044	2
5.60444	1
5.60447	0
5.60451	1
5.60455	1
5.60459	0
5.60463	2
5.60466	1
5.6047	2
5.60474	1
5.60478	1
5.60481	2
5.60485	2
5.60489	1
5.60493	2
5.60496	0
5.605	0
5.60504	0
5.60508	0
5.60511	3
5.60515	1
5.60519	0
5.60522	2
5.60526	2
5.6053	0
5.60534	0
5.60538	1
5.60541	1
5.60545	1
5.60549	1
5.60553	1
5.60556	1
5.6056	0
5.60564	0
5.60568	0
5.60571	0
5.60575	1
5.60579	1
5.60583	0
5.60586	1
5.6059	1
5.60594	0
5.60597	0
5.60601	1
5.60605	1
5.60609	1
5.60613	0
5.60616	0
5.6062	0
5.60624	1
5.60628	0
5.60631	0
5.60635	0
5.60639	0
5.60643	0
5.60646	1
5.6065	0
5.60654	0
5.60658	0
5.60661	1
5.60665	0
5.60669	1
5.60672	0
5.60676	0
5.6068	0
5.60684	0
5.60688	0
5.60691	1
5.60695	0
5.60699	1
5.60703	0
5.60706	0
5.6071	0
5.60714	0
5.60718	0
5.60721	0
5.60725	0
5.60729	0
5.60733	0
5.60736	1
5.6074	1
5.60744	0
5.60747	1
5.60751	0
5.60755	1
5.60759	1
5.60763	1
5.60766	1
5.6077	0
5.60774	0
5.60778	1
5.60781	1
5.60785	1
5.60789	0
5.60792	0
5.60796	0
5.608	0
5.60804	0
5.60808	0
5.60811	0
5.60815	0
5.60819	1
5.60823	0
5.60826	0
5.6083	0
5.60834	0
5.60838	0
5.60841	0
5.60845	1
5.60849	0
5.60853	0
5.60856	1
5.6086	0
5.60864	2
5.60867	0
5.60871	0
5.60875	0
5.60879	0
5.60883	0
5.60886	0
5.6089	0
5.60894	0
5.60898	0
5.60901	0
5.60905	0
5.60909	0
5.60913	1
5.60916	1
5.6092	0
5.60924	0
5.60928	1
5.60931	0
5.60935	0
5.60939	0
5.60942	2
5.60946	0
5.6095	0
5.60954	1
5.60958	1
5.60961	0
5.60965	1
5.60969	0
5.60973	0
5.60976	0
5.6098	0
5.60984	0
5.60988	0
5.60991	0
5.60995	0
5.60999	3
5.61003	0
5.61006	1
5.6101	0
5.61014	0
5.61017	1
5.61021	1
5.61025	1
5.61029	2
5.61033	1
5.61036	2
5.6104	3
5.61044	1
5.61048	2
5.61051	1
5.61055	4
5.61059	4
5.61063	2
5.61066	4
5.6107	1
5.61074	4
5.61078	5
5.61081	5
5.61085	1
5.61089	4
5.61092	3
5.61096	4
5.611	3
5.61104	6
5.61108	4
5.61111	9
5.61115	6
5.61119	6
5.61123	5
5.61126	8
5.6113	8
5.61134	12
5.61138	8
5.61141	9
5.61145	12
5.61149	10
5.61153	14
5.61156	5
5.6116	8
5.61164	8
5.61167	9
5.61171	7
5.61175	8
5.61179	5
5.61183	5
5.61186	6
5.6119	7
5.61194	3
5.61198	7
5.61201	9
5.61205	6
5.61209	2
5.61213	1
5.61216	5
5.6122	3
5.61224	2
5.61228	3
5.61231	4
5.61235	0
5.61239	4
5.61242	1
5.61246	1
5.6125	1
5.61254	2
5.61258	1
5.61261	0
5.61265	1
5.61269	0
5.61273	0
5.61276	1
5.6128	2
5.61284	1
5.61288	1
5.61291	2
5.61295	0
5.61299	0
5.61303	3
5.61306	0
5.6131	1
5.61314	1
5.61318	0
5.61321	0
5.61325	1
5.61329	0
5.61333	1
5.61336	0
5.6134	0
5.61344	0
5.61348	0
5.61351	0
5.61355	0
5.61359	0
5.61362	0
5.61366	0
5.6137	0
5.61374	0
5.61378	1
5.61381	0
5.61385	0
5.61389	0
5.61393	0
5.61396	0
5.614	1
5.61404	0
5.61408	0
5.61411	1
5.61415	0
5.61419	1
5.61423	0
5.61426	0
5.6143	0
5.61434	0
5.61437	0
5.61441	0
5.61445	1
5.61449	0
5.61453	1
5.61456	1
5.6146	0
5.61464	0
5.61468	0
5.61471	0
5.61475	0
5.61479	0
5.61483	1
5.61486	1
5.6149	2
5.61494	0
5.61498	1
5.61501	1
5.61505	0
5.61509	1
5.61512	0
5.61516	0
5.6152	0
5.61524	0
5.61528	0
5.61531	0
5.61535	3
5.61539	0
5.61543	3
5.61546	0
5.6155	0
5.61554	1
5.61558	0
5.61561	0
5.61565	0
5.61569	1
5.61573	2
5.61576	0
5.6158	2
5.61584	3
5.61587	2
5.61591	1
5.61595	0
5.61599	2
5.61603	1
5.61606	3
5.6161	2
5.61614	3
5.61618	1
5.61621	3
5.61625	0
5.61629	3
5.61633	3
5.61636	7
5.6164	5
5.61644	1
5.61648	2
5.61651	4
5.61655	2
5.61659	1
5.61662	3
5.61666	2
5.6167	8
5.61674	4
5.61678	2
5.61681	2
5.61685	4
5.61689	3
5.61693	4
5.61696	3
5.617	4
5.61704	5
5.61708	1
5.61711	5
5.61715	5
5.61719	3
5.61723	5
5.61726	7
5.6173	1
5.61734	3
5.61738	0
5.61741	4
5.61745	3
5.61749	2
5.61753	1
5.61756	3
5.6176	0
5.61764	2
5.61768	2
5.61771	0
5.61775	0
5.61779	0
5.61782	1
5.61786	1
5.6179	1
5.61794	0
5.61798	1
5.61801	0
5.61805	1
5.61809	0
5.61813	0
5.61816	0
5.6182	1
5.61824	0
5.61828	2
5.61831	1
5.61835	0
5.61839	1
5.61843	0
5.61846	0
5.6185	0
5.61854	0
5.61857	0
5.61861	0
5.61865	0
5.61869	0
5.61873	0
5.61876	0
5.6188	0
5.61884	1
5.61888	2
5.61891	2
5.61895	1
5.61899	0
5.61903	0
5.61906	2
5.6191	1
5.61914	1
5.61918	2
5.61921	1
5.61925	1
5.61929	2
5.61932	1
5.61936	2
5.6194	3
5.61944	1
5.61948	2
5.61951	3
5.61955	0
5.61959	3
5.61963	4
5.61966	3
5.6197	3
5.61974	1
5.61978	3
5.61981	5
5.61985	7
5.61989	4
5.61993	6
5.61996	3
5.62	5
5.62004	1
5.62007	3
5.62011	1
5.62015	1
5.62019	4
5.62023	2
5.62026	6
5.6203	3
5.62034	7
5.62038	3
5.62041	5
5.62045	2
5.62049	4
5.62053	3
5.62056	3
5.6206	0
5.62064	4
5.62068	3
5.62071	2
5.62075	1
5.62079	3
5.62082	4
5.62086	4
5.6209	3
5.62094	2
5.62098	1
5.62101	2
5.62105	1
5.62109	1
5.62113	2
5.62116	0
5.6212	1
5.62124	0
5.62128	1
5.62131	2
5.62135	3
5.62139	0
5.62143	0
5.62146	2
5.6215	4
5.62154	0
5.62157	2
5.62161	2
5.62165	1
5.62169	1
5.62173	0
5.62176	0
5.6218	1
5.62184	1
5.62188	0
5.62191	0
5.62195	1
5.62199	2
5.62203	1
5.62206	0
5.6221	1
5.62214	1
5.62218	0
5.62221	1
5.62225	1
5.62229	1
5.62233	0
5.62236	1
5.6224	0
5.62244	0
5.62248	0
5.62251	1
5.62255	0
5.62259	0
5.62263	0
5.62266	0
5.6227	0
5.62274	0
5.62278	0
5.62281	0
5.62285	0
5.62289	0
5.62293	1
5.62296	0
5.623	0
5.62304	1
5.62308	1
5.62311	0
5.62315	0
5.62319	0
5.62323	0
5.62326	0
5.6233	0
5.62334	1
5.62338	0
5.62341	1
5.62345	1
5.62349	0
5.62352	0
5.62356	0
5.6236	1
5.62364	1
5.62368	0
5.62371	0
5.62375	0
5.62379	1
5.62383	1
5.62386	2
5.6239	1
5.62394	0
5.62398	0
5.62401	1
5.62405	0
5.62409	0
5.62413	1
5.62416	1
5.6242	1
5.62424	0
5.62427	0
5.62431	3
5.62435	1
5.62439	2
5.62443	0
5.62446	0
5.6245	2
5.62454	0
5.62458	0
5.62461	2
5.62465	0
5.62469	0
5.62473	4
5.62476	0
5.6248	0
5.62484	0
5.62488	0
5.62491	1
5.62495	1
5.62499	3
5.62502	0
5.62506	1
5.6251	3
5.62514	2
5.62518	2
5.62521	1
5.62525	0
5.62529	2
5.62533	2
5.62536	0
5.6254	1
5.62544	3
5.62548	4
5.62551	2
5.62555	3
5.62559	4
5.62563	1
5.62566	4
5.6257	1
5.62574	2
5.62577	2
5.62581	7
5.62585	2
5.62589	5
5.62593	5
5.62596	2
5.626	6
5.62604	8
5.62608	5
5.62611	13
5.62615	6
5.62619	3
5.62623	6
5.62626	6
5.6263	4
5.62634	10
5.62638	8
5.62641	8
5.62645	5
5.62649	6
5.62652	6
5.62656	3
5.6266	8
5.62664	5
5.62668	10
5.62671	6
5.62675	3
5.62679	7
5.62683	7
5.62686	4
5.6269	1
5.62694	3
5.62698	0
5.62701	3
5.62705	2
5.62709	4
5.62713	1
5.62716	5
5.6272	0
5.62724	2
5.62728	2
5.62731	1
5.62735	3
5.62739	3
5.62743	1
5.62746	2
5.6275	0
5.62754	2
5.62758	1
5.62761	0
5.62765	2
5.62769	3
5.62772	1
5.62776	0
5.6278	1
5.62784	1
5.62788	2
5.62791	3
5.62795	4
5.62799	1
5.62803	3
5.62806	3
5.6281	5
5.62814	3
5.62818	2
5.62821	1
5.62825	3
5.62829	4
5.62833	1
5.62836	1
5.6284	1
5.62844	0
5.62847	0
5.62851	4
5.62855	0
5.62859	4
5.62863	2
5.62866	0
5.6287	1
5.62874	2
5.62878	4
5.62881	2
5.62885	2
5.62889	0
5.62893	1
5.62896	3
5.629	1
5.62904	0
5.62908	0
5.62911	1
5.62915	1
5.62919	0
5.62922	1
5.62926	0
5.6293	0
5.62934	0
5.62938	1
5.62941	1
5.62945	0
5.62949	0
5.62953	0
5.62956	0
5.6296	1
5.62964	0
5.62968	0
5.62971	2
5.62975	0
5.62979	0
5.62983	1
5.62986	0
5.6299	0
5.62994	1
5.62997	1
5.63001	0
5.63005	0
5.63009	0
5.63013	0
5.63016	0
5.6302	1
5.63024	0
5.63028	0
5.63031	0
5.63035	0
5.63039	0
5.63043	0
5.63046	0
5.6305	0
5.63054	1
5.63058	0
5.63061	0
5.63065	0
5.63069	0
5.63072	0
5.63076	0
5.6308	0
5.63084	0
5.63088	1
5.63091	0
5.63095	0
5.63099	0
5.63103	0
5.63106	0
5.6311	1
5.63114	0
5.63118	0
5.63121	0
5.63125	0
5.63129	0
5.63133	0
5.63136	0
5.6314	0
5.63144	0
5.63148	1
5.63151	1
5.63155	0
5.63159	0
5.63163	0
5.63166	0
5.6317	0
5.63174	0
5.63178	0
5.63181	0
5.63185	0
5.63189	0
5.63193	1
5.63196	0
5.632	0
5.63204	0
5.63208	0
5.63211	0
5.63215	0
5.63219	0
5.63223	0
5.63226	0
5.6323	0
5.63234	0
5.63238	0
5.63241	0
5.63245	0
5.63249	0
5.63253	0
5.63256	0
5.6326	0
5.63264	0
5.63268	1
5.63271	0
5.63275	0
5.63279	0
5.63283	0
5.63286	1
5.6329	0
5.63294	0
5.63298	0
5.63301	1
5.63305	1
5.63309	0
5.63313	0
5.63316	0
5.6332	0
5.63324	0
5.63328	0
5.63331	0
5.63335	0
5.63339	0
5.63342	0
5.63346	0
5.6335	0
5.63354	0
5.63358	0
5.63361	0
5.63365	0
5.63369	0
5.63373	0
5.63376	0
5.6338	1
5.63384	0
5.63388	0
5.63391	0
5.63395	0
5.63399	1
5.63403	1
5.63406	0
5.6341	0
5.63414	0
5.63417	1
5.63421	0
5.63425	0
5.63429	0
5.63433	0
5.63436	0
5.6344	0
5.63444	0
5.63448	1
5.63451	1
5.63455	0
5.63459	0
5.63463	0
5.63466	0
5.6347	0
5.63474	0
5.63478	0
5.63481	0
5.63485	0
5.63489	0
5.63492	1
5.63496	0
5.635	0
5.63504	1
5.63508	2
5.63511	0
5.63515	0
5.63519	0
5.63523	0
5.63526	0
5.6353	0
5.63534	0
5.63538	1
5.63541	0
5.63545	1
5.63549	0
5.63553	0
5.63556	0
5.6356	0
5.63564	1
5.63567	1
5.63571	4
5.63575	4
5.63579	2
5.63583	3
5.63586	2
5.6359	3
5.63594	6
5.63598	3
5.63601	10
5.63605	2
5.63609	16
5.63613	9
5.63616	23
5.6362	16
5.63624	29
5.63628	34
5.63631	48
5.63635	37
5.63639	48
5.63643	53
5.63646	90
5.6365	106
5.63654	103
5.63658	126
5.63661	153
5.63665	189
5.63669	182
5.63673	236
5.63676	301
5.6368	293
5.63684	381
5.63688	429
5.63691	472
5.63695	542
5.63699	615
5.63703	656
5.63706	720
5.6371	781
5.63714	881
5.63718	936
5.63721	1071
5.63725	1054
5.63729	1198
5.63733	1317
5.63736	1439
5.6374	1518
5.63744	1535
5.63748	1582
5.63751	1711
5.63755	1750
5.63759	1836
5.63762	1810
5.63766	1931
5.6377	1942
5.63774	2019
5.63778	1997
5.63781	2065
5.63785	2089
5.63789	2062
5.63793	1937
5.63796	2087
5.638	1903
5.63804	1905
5.63808	1885
5.63811	1826
5.63815	1711
5.63819	1685
5.63823	1550
5.63826	1483
5.6383	1452
5.63834	1304
5.63837	1267
5.63841	1229
5.63845	1050
5.63849	1034
5.63853	876
5.63856	845
5.6386	708
5.63864	682
5.63868	606
5.63871	532
5.63875	477
5.63879	441
5.63883	414
5.63886	328
5.6389	278
5.63894	242
5.63898	209
5.63901	181
5.63905	183
5.63909	141
5.63912	120
5.63916	109
5.6392	94
5.63924	74
5.63928	54
5.63931	48
5.63935	40
5.63939	40
5.63943	24
5.63946	19
5.6395	19
5.63954	13
5.63958	11
5.63961	15
5.63965	13
5.63969	1
5.63973	4
5.63976	6
5.6398	3
5.63984	1
5.63987	0
5.63991	1
5.63995	0
5.63999	2
5.64003	2
5.64006	1
5.6401	0
5.64014	0
5.64018	1
5.64021	0
5.64025	0
5.64029	0
5.64033	0
5.64036	0
5.6404	1
5.64044	0
5.64048	0
5.64051	0
5.64055	0
5.64059	0
5.64063	0
5.64066	0
5.6407	0
5.64074	0
5.64078	0
5.64081	0
5.64085	0
5.64089	0
5.64093	0
5.64096	0
5.641	0
5.64104	0
5.64108	0
5.64111	0
5.64115	0
5.64119	0
5.64123	0
5.64126	0
5.6413	0
5.64134	0
5.64138	0
5.64141	0
5.64145	0
5.64149	0
5.64153	0
5.64156	0
5.6416	0
5.64164	0
5.64168	0
5.64171	0
5.64175	0
5.64179	0
5.64183	0
5.64186	0
5.6419	0
5.64194	0
5.64198	0
5.64201	0
5.64205	0
5.64209	0
5.64213	0
5.64216	0
5.6422	0
5.64224	0
5.64228	0
5.64231	0
5.64235	0
5.64239	0
5.64243	0
5.64246	0
5.6425	0
5.64254	0
5.64258	0
5.64261	0
5.64265	0
5.64269	0
5.64273	0
5.64276	0
5.6428	0
5.64284	0
5.64288	0
5.64291	0
5.64295	0
5.64299	0
5.64303	0
5.64306	0
5.6431	0
5.64314	0
5.64318	0
5.64321	0
5.64325	0
5.64329	0
5.64332	0
5.64336	0
5.6434	0
5.64344	0
5.64348	0
5.64351	0
5.64355	0
5.64359	0
5.64363	0
5.64366	0
5.6437	0
5.64374	0
5.64378	0
5.64381	0
5.64385	0
5.64389	0
5.64393	0
5.64396	0
5.644	0
5.64404	0
5.64407	0
5.64411	0
5.64415	0
5.64419	0
5.64423	0
5.64426	0
5.6443	0
5.64434	0
5.64438	0
5.64441	0
5.64445	0
5.64449	0
5.64453	0
5.64456	0
5.6446	0
5.64464	0
5.64468	0
5.64471	0
5.64475	0
5.64479	0
5.64482	0
5.64486	0
5.6449	0
5.64494	0
5.64498	0
5.64501	0
5.64505	0
5.64509	0
5.64513	0
5.64516	0
5.6452	0
5.64524	0
5.64528	0
5.64531	0
5.64535	0
5.64539	0
5.64543	0
5.64546	0
5.6455	0
5.64554	0
5.64558	0
5.64561	0
5.64565	0
5.64569	0
5.64573	0
5.64576	0
5.6458	0
5.64584	0
5.64588	0
5.64591	0
5.64595	0
5.64599	0
5.64603	0
5.64606	0
5.6461	0
5.64614	0
5.64618	0
5.64621	0
5.64625	0
5.64629	0
5.64633	0
5.64636	0
5.6464	0
5.64644	0
5.64648	0
5.64651	0
5.64655	0
5.64659	0
5.64663	0
5.64666	0
5.6467	0
5.64674	0
5.64678	0
5.64681	0
5.64685	0
5.64689	0
5.64693	0
5.64696	0
5.647	0
5.64704	0
5.64708	0
5.64711	0
5.64715	0
5.64719	0
5.64723	0
5.64726	0
5.6473	0
5.64734	0
5.64738	0
5.64741	0
5.64745	0
5.64749	0
5.64752	0
5.64756	0
5.6476	0
5.64764	0
5.64768	0
5.64771	0
5.64775	0
5.64779	0
5.64783	0
5.64786	0
5.6479	0
5.64794	0
5.64798	0
5.64801	0
5.64805	0
5.64809	0
5.64813	0
5.64816	0
5.6482	0
5.64824	0
5.64827	0
5.64831	0
5.64835	0
5.64839	0
5.64843	0
5.64846	0
5.6485	0
5.64854	0
5.64858	0
5.64861	0
5.64865	0
5.64869	0
5.64873	0
5.64876	0
5.6488	0
5.64884	0
5.64888	0
5.64891	0
5.64895	0
5.64899	0
5.64902	0
5.64906	0
5.6491	0
5.64914	0
5.64918	0
5.64921	0
5.64925	0
5.64929	0
5.64933	0
5.64936	0
5.6494	0
5.64944	0
5.64948	0
5.64951	0
5.64955	0
5.64959	0
5.64963	0
5.64966	0
5.6497	0
5.64974	0
5.64977	0
5.64981	0
5.64985	0
5.64989	0
5.64993	0
5.64996	0
5.65	0
